CRITICAL - 2023-10-03 03:42:05 --> The namespace delimiter is a backslash (\), not a slash (/). Route handler: "\App\Controllers\Latihan1:penjumlahan/$1/$3"
in SYSTEMPATH\Router\Router.php on line 477.
 1 SYSTEMPATH\Router\Router.php(477): CodeIgniter\Router\Exceptions\RouterException::forInvalidControllerName('\\App\\Controllers\\Latihan1:penjumlahan/$1/$3')
 2 SYSTEMPATH\Router\Router.php(184): CodeIgniter\Router\Router->checkRoutes('penilaian/1/2')
 3 SYSTEMPATH\CodeIgniter.php(800): CodeIgniter\Router\Router->handle('penilaian/1/2')
 4 SYSTEMPATH\CodeIgniter.php(442): CodeIgniter\CodeIgniter->tryToRouteIt(Object(CodeIgniter\Router\RouteCollection))
 5 SYSTEMPATH\CodeIgniter.php(353): CodeIgniter\CodeIgniter->handleRequest(null, Object(Config\Cache), false)
 6 FCPATH\index.php(79): CodeIgniter\CodeIgniter->run()
 7 SYSTEMPATH\Commands\Server\rewrite.php(47): require_once('C:\\xampp\\htdocs\\pustaka-booking\\public\\index.php')
CRITICAL - 2023-10-03 03:42:51 --> Invalid file: "view-latihan.php"
in SYSTEMPATH\Exceptions\FrameworkException.php on line 39.
 1 SYSTEMPATH\View\View.php(214): CodeIgniter\Exceptions\FrameworkException::forInvalidFile('view-latihan.php')
 2 SYSTEMPATH\Common.php(1188): CodeIgniter\View\View->render('view-latihan', [], true)
 3 APPPATH\Controllers\Latihan1.php(23): view('view-latihan', [...])
 4 SYSTEMPATH\CodeIgniter.php(919): App\Controllers\Latihan1->penjumlahan('1', '2')
 5 SYSTEMPATH\CodeIgniter.php(494): CodeIgniter\CodeIgniter->runController(Object(App\Controllers\Latihan1))
 6 SYSTEMPATH\CodeIgniter.php(353): CodeIgniter\CodeIgniter->handleRequest(null, Object(Config\Cache), false)
 7 FCPATH\index.php(79): CodeIgniter\CodeIgniter->run()
 8 SYSTEMPATH\Commands\Server\rewrite.php(47): require_once('C:\\xampp\\htdocs\\pustaka-booking\\public\\index.php')
CRITICAL - 2023-10-03 03:43:33 --> Invalid file: "view-latihan.php"
in SYSTEMPATH\Exceptions\FrameworkException.php on line 39.
 1 SYSTEMPATH\View\View.php(214): CodeIgniter\Exceptions\FrameworkException::forInvalidFile('view-latihan.php')
 2 SYSTEMPATH\Common.php(1188): CodeIgniter\View\View->render('view-latihan', [], true)
 3 APPPATH\Controllers\Latihan1.php(23): view('view-latihan', [...])
 4 SYSTEMPATH\CodeIgniter.php(919): App\Controllers\Latihan1->penjumlahan('1', '2')
 5 SYSTEMPATH\CodeIgniter.php(494): CodeIgniter\CodeIgniter->runController(Object(App\Controllers\Latihan1))
 6 SYSTEMPATH\CodeIgniter.php(353): CodeIgniter\CodeIgniter->handleRequest(null, Object(Config\Cache), false)
 7 FCPATH\index.php(79): CodeIgniter\CodeIgniter->run()
 8 SYSTEMPATH\Commands\Server\rewrite.php(47): require_once('C:\\xampp\\htdocs\\pustaka-booking\\public\\index.php')
CRITICAL - 2023-10-03 03:43:39 --> Invalid file: "view-latihan.php"
in SYSTEMPATH\Exceptions\FrameworkException.php on line 39.
 1 SYSTEMPATH\View\View.php(214): CodeIgniter\Exceptions\FrameworkException::forInvalidFile('view-latihan.php')
 2 SYSTEMPATH\Common.php(1188): CodeIgniter\View\View->render('view-latihan', [], true)
 3 APPPATH\Controllers\Latihan1.php(23): view('view-latihan', [...])
 4 SYSTEMPATH\CodeIgniter.php(919): App\Controllers\Latihan1->penjumlahan('1', '2')
 5 SYSTEMPATH\CodeIgniter.php(494): CodeIgniter\CodeIgniter->runController(Object(App\Controllers\Latihan1))
 6 SYSTEMPATH\CodeIgniter.php(353): CodeIgniter\CodeIgniter->handleRequest(null, Object(Config\Cache), false)
 7 FCPATH\index.php(79): CodeIgniter\CodeIgniter->run()
 8 SYSTEMPATH\Commands\Server\rewrite.php(47): require_once('C:\\xampp\\htdocs\\pustaka-booking\\public\\index.php')
CRITICAL - 2023-10-03 03:45:00 --> Invalid file: "view-latihan.php"
in SYSTEMPATH\Exceptions\FrameworkException.php on line 39.
 1 SYSTEMPATH\View\View.php(214): CodeIgniter\Exceptions\FrameworkException::forInvalidFile('view-latihan.php')
 2 SYSTEMPATH\Common.php(1188): CodeIgniter\View\View->render('view-latihan', [], true)
 3 APPPATH\Controllers\Latihan1.php(23): view('view-latihan', [...])
 4 SYSTEMPATH\CodeIgniter.php(919): App\Controllers\Latihan1->penjumlahan('1', '2')
 5 SYSTEMPATH\CodeIgniter.php(494): CodeIgniter\CodeIgniter->runController(Object(App\Controllers\Latihan1))
 6 SYSTEMPATH\CodeIgniter.php(353): CodeIgniter\CodeIgniter->handleRequest(null, Object(Config\Cache), false)
 7 FCPATH\index.php(79): CodeIgniter\CodeIgniter->run()
 8 SYSTEMPATH\Commands\Server\rewrite.php(47): require_once('C:\\xampp\\htdocs\\pustaka-booking\\public\\index.php')
CRITICAL - 2023-10-03 15:55:06 --> Invalid file: "view-latihan.php"
in SYSTEMPATH\Exceptions\FrameworkException.php on line 39.
 1 SYSTEMPATH\View\View.php(214): CodeIgniter\Exceptions\FrameworkException::forInvalidFile('view-latihan.php')
 2 SYSTEMPATH\Common.php(1188): CodeIgniter\View\View->render('view-latihan', [], true)
 3 APPPATH\Controllers\Latihan1.php(23): view('view-latihan', [...])
 4 SYSTEMPATH\CodeIgniter.php(919): App\Controllers\Latihan1->penjumlahan('1', '2')
 5 SYSTEMPATH\CodeIgniter.php(494): CodeIgniter\CodeIgniter->runController(Object(App\Controllers\Latihan1))
 6 SYSTEMPATH\CodeIgniter.php(353): CodeIgniter\CodeIgniter->handleRequest(null, Object(Config\Cache), false)
 7 FCPATH\index.php(79): CodeIgniter\CodeIgniter->run()
 8 SYSTEMPATH\Commands\Server\rewrite.php(47): require_once('C:\\xampp\\htdocs\\pustaka-booking\\public\\index.php')
CRITICAL - 2023-10-03 16:00:14 --> Invalid file: "view-latihan.php"
in SYSTEMPATH\Exceptions\FrameworkException.php on line 39.
 1 SYSTEMPATH\View\View.php(214): CodeIgniter\Exceptions\FrameworkException::forInvalidFile('view-latihan.php')
 2 SYSTEMPATH\Common.php(1188): CodeIgniter\View\View->render('view-latihan', [], true)
 3 APPPATH\Controllers\Latihan1.php(23): view('view-latihan', [...])
 4 SYSTEMPATH\CodeIgniter.php(919): App\Controllers\Latihan1->penjumlahan('1', '2')
 5 SYSTEMPATH\CodeIgniter.php(494): CodeIgniter\CodeIgniter->runController(Object(App\Controllers\Latihan1))
 6 SYSTEMPATH\CodeIgniter.php(353): CodeIgniter\CodeIgniter->handleRequest(null, Object(Config\Cache), false)
 7 FCPATH\index.php(79): CodeIgniter\CodeIgniter->run()
 8 SYSTEMPATH\Commands\Server\rewrite.php(47): require_once('C:\\xampp\\htdocs\\pustaka-booking\\public\\index.php')
CRITICAL - 2023-10-03 16:07:00 --> Invalid file: "view-latihan.php"
in SYSTEMPATH\Exceptions\FrameworkException.php on line 39.
 1 SYSTEMPATH\View\View.php(214): CodeIgniter\Exceptions\FrameworkException::forInvalidFile('view-latihan.php')
 2 SYSTEMPATH\Common.php(1188): CodeIgniter\View\View->render('view-latihan', [], true)
 3 APPPATH\Controllers\Latihan1.php(23): view('view-latihan', [...])
 4 SYSTEMPATH\CodeIgniter.php(919): App\Controllers\Latihan1->penjumlahan('1', '2')
 5 SYSTEMPATH\CodeIgniter.php(494): CodeIgniter\CodeIgniter->runController(Object(App\Controllers\Latihan1))
 6 SYSTEMPATH\CodeIgniter.php(353): CodeIgniter\CodeIgniter->handleRequest(null, Object(Config\Cache), false)
 7 FCPATH\index.php(79): CodeIgniter\CodeIgniter->run()
 8 SYSTEMPATH\Commands\Server\rewrite.php(47): require_once('C:\\xampp\\htdocs\\pustaka-booking\\public\\index.php')
CRITICAL - 2023-10-03 16:18:44 --> Invalid file: "view-latihan.php"
in SYSTEMPATH\Exceptions\FrameworkException.php on line 39.
 1 SYSTEMPATH\View\View.php(214): CodeIgniter\Exceptions\FrameworkException::forInvalidFile('view-latihan.php')
 2 SYSTEMPATH\Common.php(1188): CodeIgniter\View\View->render('view-latihan', [], true)
 3 APPPATH\Controllers\Latihan1.php(24): view('view-latihan', [...])
 4 SYSTEMPATH\CodeIgniter.php(919): App\Controllers\Latihan1->penjumlahan('1', '2')
 5 SYSTEMPATH\CodeIgniter.php(494): CodeIgniter\CodeIgniter->runController(Object(App\Controllers\Latihan1))
 6 SYSTEMPATH\CodeIgniter.php(353): CodeIgniter\CodeIgniter->handleRequest(null, Object(Config\Cache), false)
 7 FCPATH\index.php(79): CodeIgniter\CodeIgniter->run()
 8 SYSTEMPATH\Commands\Server\rewrite.php(47): require_once('C:\\xampp\\htdocs\\pustaka-booking\\public\\index.php')
CRITICAL - 2023-10-03 16:18:50 --> Invalid file: "view-latihan.php"
in SYSTEMPATH\Exceptions\FrameworkException.php on line 39.
 1 SYSTEMPATH\View\View.php(214): CodeIgniter\Exceptions\FrameworkException::forInvalidFile('view-latihan.php')
 2 SYSTEMPATH\Common.php(1188): CodeIgniter\View\View->render('view-latihan', [], true)
 3 APPPATH\Controllers\Latihan1.php(24): view('view-latihan', [...])
 4 SYSTEMPATH\CodeIgniter.php(919): App\Controllers\Latihan1->penjumlahan('1', '2')
 5 SYSTEMPATH\CodeIgniter.php(494): CodeIgniter\CodeIgniter->runController(Object(App\Controllers\Latihan1))
 6 SYSTEMPATH\CodeIgniter.php(353): CodeIgniter\CodeIgniter->handleRequest(null, Object(Config\Cache), false)
 7 FCPATH\index.php(79): CodeIgniter\CodeIgniter->run()
 8 SYSTEMPATH\Commands\Server\rewrite.php(47): require_once('C:\\xampp\\htdocs\\pustaka-booking\\public\\index.php')
CRITICAL - 2023-10-03 16:18:55 --> Invalid file: "view-latihan.php"
in SYSTEMPATH\Exceptions\FrameworkException.php on line 39.
 1 SYSTEMPATH\View\View.php(214): CodeIgniter\Exceptions\FrameworkException::forInvalidFile('view-latihan.php')
 2 SYSTEMPATH\Common.php(1188): CodeIgniter\View\View->render('view-latihan', [], true)
 3 APPPATH\Controllers\Latihan1.php(24): view('view-latihan', [...])
 4 SYSTEMPATH\CodeIgniter.php(919): App\Controllers\Latihan1->penjumlahan('1', '2')
 5 SYSTEMPATH\CodeIgniter.php(494): CodeIgniter\CodeIgniter->runController(Object(App\Controllers\Latihan1))
 6 SYSTEMPATH\CodeIgniter.php(353): CodeIgniter\CodeIgniter->handleRequest(null, Object(Config\Cache), false)
 7 FCPATH\index.php(79): CodeIgniter\CodeIgniter->run()
 8 SYSTEMPATH\Commands\Server\rewrite.php(47): require_once('C:\\xampp\\htdocs\\pustaka-booking\\public\\index.php')
CRITICAL - 2023-10-03 16:19:00 --> Invalid file: "view-latihan.php"
in SYSTEMPATH\Exceptions\FrameworkException.php on line 39.
 1 SYSTEMPATH\View\View.php(214): CodeIgniter\Exceptions\FrameworkException::forInvalidFile('view-latihan.php')
 2 SYSTEMPATH\Common.php(1188): CodeIgniter\View\View->render('view-latihan', [], true)
 3 APPPATH\Controllers\Latihan1.php(24): view('view-latihan', [...])
 4 SYSTEMPATH\CodeIgniter.php(919): App\Controllers\Latihan1->penjumlahan('1', '2')
 5 SYSTEMPATH\CodeIgniter.php(494): CodeIgniter\CodeIgniter->runController(Object(App\Controllers\Latihan1))
 6 SYSTEMPATH\CodeIgniter.php(353): CodeIgniter\CodeIgniter->handleRequest(null, Object(Config\Cache), false)
 7 FCPATH\index.php(79): CodeIgniter\CodeIgniter->run()
 8 SYSTEMPATH\Commands\Server\rewrite.php(47): require_once('C:\\xampp\\htdocs\\pustaka-booking\\public\\index.php')
CRITICAL - 2023-10-03 16:19:02 --> Invalid file: "view-latihan.php"
in SYSTEMPATH\Exceptions\FrameworkException.php on line 39.
 1 SYSTEMPATH\View\View.php(214): CodeIgniter\Exceptions\FrameworkException::forInvalidFile('view-latihan.php')
 2 SYSTEMPATH\Common.php(1188): CodeIgniter\View\View->render('view-latihan', [], true)
 3 APPPATH\Controllers\Latihan1.php(24): view('view-latihan', [...])
 4 SYSTEMPATH\CodeIgniter.php(919): App\Controllers\Latihan1->penjumlahan('1', '2')
 5 SYSTEMPATH\CodeIgniter.php(494): CodeIgniter\CodeIgniter->runController(Object(App\Controllers\Latihan1))
 6 SYSTEMPATH\CodeIgniter.php(353): CodeIgniter\CodeIgniter->handleRequest(null, Object(Config\Cache), false)
 7 FCPATH\index.php(79): CodeIgniter\CodeIgniter->run()
 8 SYSTEMPATH\Commands\Server\rewrite.php(47): require_once('C:\\xampp\\htdocs\\pustaka-booking\\public\\index.php')
CRITICAL - 2023-10-03 16:19:33 --> Invalid file: "view-latihan.php"
in SYSTEMPATH\Exceptions\FrameworkException.php on line 39.
 1 SYSTEMPATH\View\View.php(214): CodeIgniter\Exceptions\FrameworkException::forInvalidFile('view-latihan.php')
 2 SYSTEMPATH\Common.php(1188): CodeIgniter\View\View->render('view-latihan', [], true)
 3 APPPATH\Controllers\Latihan1.php(23): view('view-latihan', [...])
 4 SYSTEMPATH\CodeIgniter.php(919): App\Controllers\Latihan1->penjumlahan('1', '2')
 5 SYSTEMPATH\CodeIgniter.php(494): CodeIgniter\CodeIgniter->runController(Object(App\Controllers\Latihan1))
 6 SYSTEMPATH\CodeIgniter.php(353): CodeIgniter\CodeIgniter->handleRequest(null, Object(Config\Cache), false)
 7 FCPATH\index.php(79): CodeIgniter\CodeIgniter->run()
 8 SYSTEMPATH\Commands\Server\rewrite.php(47): require_once('C:\\xampp\\htdocs\\pustaka-booking\\public\\index.php')
CRITICAL - 2023-10-03 16:19:34 --> Invalid file: "view-latihan.php"
in SYSTEMPATH\Exceptions\FrameworkException.php on line 39.
 1 SYSTEMPATH\View\View.php(214): CodeIgniter\Exceptions\FrameworkException::forInvalidFile('view-latihan.php')
 2 SYSTEMPATH\Common.php(1188): CodeIgniter\View\View->render('view-latihan', [], true)
 3 APPPATH\Controllers\Latihan1.php(23): view('view-latihan', [...])
 4 SYSTEMPATH\CodeIgniter.php(919): App\Controllers\Latihan1->penjumlahan('1', '2')
 5 SYSTEMPATH\CodeIgniter.php(494): CodeIgniter\CodeIgniter->runController(Object(App\Controllers\Latihan1))
 6 SYSTEMPATH\CodeIgniter.php(353): CodeIgniter\CodeIgniter->handleRequest(null, Object(Config\Cache), false)
 7 FCPATH\index.php(79): CodeIgniter\CodeIgniter->run()
 8 SYSTEMPATH\Commands\Server\rewrite.php(47): require_once('C:\\xampp\\htdocs\\pustaka-booking\\public\\index.php')
CRITICAL - 2023-10-03 16:19:34 --> Invalid file: "view-latihan.php"
in SYSTEMPATH\Exceptions\FrameworkException.php on line 39.
 1 SYSTEMPATH\View\View.php(214): CodeIgniter\Exceptions\FrameworkException::forInvalidFile('view-latihan.php')
 2 SYSTEMPATH\Common.php(1188): CodeIgniter\View\View->render('view-latihan', [], true)
 3 APPPATH\Controllers\Latihan1.php(23): view('view-latihan', [...])
 4 SYSTEMPATH\CodeIgniter.php(919): App\Controllers\Latihan1->penjumlahan('1', '2')
 5 SYSTEMPATH\CodeIgniter.php(494): CodeIgniter\CodeIgniter->runController(Object(App\Controllers\Latihan1))
 6 SYSTEMPATH\CodeIgniter.php(353): CodeIgniter\CodeIgniter->handleRequest(null, Object(Config\Cache), false)
 7 FCPATH\index.php(79): CodeIgniter\CodeIgniter->run()
 8 SYSTEMPATH\Commands\Server\rewrite.php(47): require_once('C:\\xampp\\htdocs\\pustaka-booking\\public\\index.php')
CRITICAL - 2023-10-03 16:19:35 --> Invalid file: "view-latihan.php"
in SYSTEMPATH\Exceptions\FrameworkException.php on line 39.
 1 SYSTEMPATH\View\View.php(214): CodeIgniter\Exceptions\FrameworkException::forInvalidFile('view-latihan.php')
 2 SYSTEMPATH\Common.php(1188): CodeIgniter\View\View->render('view-latihan', [], true)
 3 APPPATH\Controllers\Latihan1.php(23): view('view-latihan', [...])
 4 SYSTEMPATH\CodeIgniter.php(919): App\Controllers\Latihan1->penjumlahan('1', '2')
 5 SYSTEMPATH\CodeIgniter.php(494): CodeIgniter\CodeIgniter->runController(Object(App\Controllers\Latihan1))
 6 SYSTEMPATH\CodeIgniter.php(353): CodeIgniter\CodeIgniter->handleRequest(null, Object(Config\Cache), false)
 7 FCPATH\index.php(79): CodeIgniter\CodeIgniter->run()
 8 SYSTEMPATH\Commands\Server\rewrite.php(47): require_once('C:\\xampp\\htdocs\\pustaka-booking\\public\\index.php')
CRITICAL - 2023-10-03 16:20:07 --> Invalid file: "view-latihan.php"
in SYSTEMPATH\Exceptions\FrameworkException.php on line 39.
 1 SYSTEMPATH\View\View.php(214): CodeIgniter\Exceptions\FrameworkException::forInvalidFile('view-latihan.php')
 2 SYSTEMPATH\Common.php(1188): CodeIgniter\View\View->render('view-latihan', [], true)
 3 APPPATH\Controllers\Latihan1.php(23): view('view-latihan', [...])
 4 SYSTEMPATH\CodeIgniter.php(919): App\Controllers\Latihan1->penjumlahan('1', '2')
 5 SYSTEMPATH\CodeIgniter.php(494): CodeIgniter\CodeIgniter->runController(Object(App\Controllers\Latihan1))
 6 SYSTEMPATH\CodeIgniter.php(353): CodeIgniter\CodeIgniter->handleRequest(null, Object(Config\Cache), false)
 7 FCPATH\index.php(79): CodeIgniter\CodeIgniter->run()
 8 SYSTEMPATH\Commands\Server\rewrite.php(47): require_once('C:\\xampp\\htdocs\\pustaka-booking\\public\\index.php')
